============================= test session starts ==============================
platform linux -- Python 3.12.1, pytest-8.1.1, pluggy-1.4.0
rootdir: /home/user/project
collected 5 items

tests/test_math.py ..F                                                   [ 60%]
tests/test_utils.py .F                                                   [100%]

=================================== FAILURES ===================================
________________________________ test_divide ___________________________________

    def test_divide():
        result = divide(10, 0)
>       assert result == 0
E       ZeroDivisionError: division by zero

tests/test_math.py:15: ZeroDivisionError
________________________________ test_parse_date _______________________________

    def test_parse_date():
        result = parse_date("not-a-date")
>       assert result is not None
E       ValueError: Invalid date format: not-a-date

tests/test_utils.py:23: ValueError
=========================== short test summary info ============================
FAILED tests/test_math.py::test_divide - ZeroDivisionError: division by zero
FAILED tests/test_utils.py::test_parse_date - ValueError: Invalid date format: not-a-date
============================== 2 failed, 3 passed in 0.42s ==============================
